<?xml version="1.0" encoding="UTF-8"?>
<testsuite name="com.gook.springboot.web.IndexControllerTest" tests="1" skipped="0" failures="0" errors="0" timestamp="2020-04-22T15:41:44" hostname="DESKTOP-V6ODCFS" time="0.228">
  <properties/>
  <testcase name="메인페이지_로딩" classname="com.gook.springboot.web.IndexControllerTest" time="0.228"/>
  <system-out><![CDATA[2020-04-23 00:41:42.337  INFO 13916 --- [    Test worker] .b.t.c.SpringBootTestContextBootstrapper : Neither @ContextConfiguration nor @ContextHierarchy found for test class [com.gook.springboot.web.IndexControllerTest], using SpringBootContextLoader
2020-04-23 00:41:42.353  INFO 13916 --- [    Test worker] o.s.t.c.support.AbstractContextLoader    : Could not detect default resource locations for test class [com.gook.springboot.web.IndexControllerTest]: no resource found for suffixes {-context.xml, Context.groovy}.
2020-04-23 00:41:42.353  INFO 13916 --- [    Test worker] t.c.s.AnnotationConfigContextLoaderUtils : Could not detect default configuration classes for test class [com.gook.springboot.web.IndexControllerTest]: IndexControllerTest does not declare any static, non-private, non-final, nested classes annotated with @Configuration.
2020-04-23 00:41:42.353  INFO 13916 --- [    Test worker] .b.t.c.SpringBootTestContextBootstrapper : Found @SpringBootConfiguration com.gook.springboot.GookApplication for test class com.gook.springboot.web.IndexControllerTest
2020-04-23 00:41:42.353  INFO 13916 --- [    Test worker] .b.t.c.SpringBootTestContextBootstrapper : Loaded default TestExecutionListener class names from location [META-INF/spring.factories]: [org.springframework.security.test.context.support.WithSecurityContextTestExecutionListener, org.springframework.security.test.context.support.ReactorContextTestExecutionListener, org.springframework.boot.test.autoconfigure.restdocs.RestDocsTestExecutionListener, org.springframework.boot.test.autoconfigure.web.client.MockRestServiceServerResetTestExecutionListener, org.springframework.boot.test.autoconfigure.web.servlet.MockMvcPrintOnlyOnFailureTestExecutionListener, org.springframework.boot.test.autoconfigure.web.servlet.WebDriverTestExecutionListener, org.springframework.boot.test.mock.mockito.MockitoTestExecutionListener, org.springframework.boot.test.mock.mockito.ResetMocksTestExecutionListener, org.springframework.test.context.web.ServletTestExecutionListener, org.springframework.test.context.support.DirtiesContextBeforeModesTestExecutionListener, org.springframework.test.context.support.DependencyInjectionTestExecutionListener, org.springframework.test.context.support.DirtiesContextTestExecutionListener, org.springframework.test.context.transaction.TransactionalTestExecutionListener, org.springframework.test.context.jdbc.SqlScriptsTestExecutionListener]
2020-04-23 00:41:42.353  INFO 13916 --- [    Test worker] .b.t.c.SpringBootTestContextBootstrapper : Using TestExecutionListeners: [org.springframework.test.context.web.ServletTestExecutionListener@1b8946a9, org.springframework.test.context.support.DirtiesContextBeforeModesTestExecutionListener@307be725, org.springframework.boot.test.mock.mockito.MockitoTestExecutionListener@eccabcc, org.springframework.boot.test.autoconfigure.SpringBootDependencyInjectionTestExecutionListener@58edc18d, org.springframework.test.context.support.DirtiesContextTestExecutionListener@9006837, org.springframework.test.context.transaction.TransactionalTestExecutionListener@66adf4fd, org.springframework.test.context.jdbc.SqlScriptsTestExecutionListener@dd4a12f, org.springframework.security.test.context.support.WithSecurityContextTestExecutionListener@3b83f8b1, org.springframework.security.test.context.support.ReactorContextTestExecutionListener@31486e26, org.springframework.boot.test.autoconfigure.restdocs.RestDocsTestExecutionListener@384b6eee, org.springframework.boot.test.autoconfigure.web.client.MockRestServiceServerResetTestExecutionListener@10be7d11, org.springframework.boot.test.autoconfigure.web.servlet.MockMvcPrintOnlyOnFailureTestExecutionListener@34dc59c7, org.springframework.boot.test.autoconfigure.web.servlet.WebDriverTestExecutionListener@46172824, org.springframework.boot.test.mock.mockito.ResetMocksTestExecutionListener@25c80216]

  .   ____          _            __ _ _
 /\\ / ___'_ __ _ _(_)_ __  __ _ \ \ \ \
( ( )\___ | '_ | '_| | '_ \/ _` | \ \ \ \
 \\/  ___)| |_)| | | | | || (_| |  ) ) ) )
  '  |____| .__|_| |_|_| |_\__, | / / / /
 =========|_|==============|___/=/_/_/_/
 :: Spring Boot ::        (v2.1.7.RELEASE)

2020-04-23 00:41:42.399  INFO 13916 --- [    Test worker] c.g.springboot.web.IndexControllerTest   : Starting IndexControllerTest on DESKTOP-V6ODCFS with PID 13916 (started by mgpc in C:\Users\mgpc\IdeaProjects\gook-web-service)
2020-04-23 00:41:42.399  INFO 13916 --- [    Test worker] c.g.springboot.web.IndexControllerTest   : The following profiles are active: oauth
2020-04-23 00:41:42.639  INFO 13916 --- [    Test worker] .s.d.r.c.RepositoryConfigurationDelegate : Bootstrapping Spring Data repositories in DEFAULT mode.
2020-04-23 00:41:42.660  INFO 13916 --- [    Test worker] .s.d.r.c.RepositoryConfigurationDelegate : Finished Spring Data repository scanning in 21ms. Found 2 repository interfaces.
2020-04-23 00:41:42.756  INFO 13916 --- [    Test worker] trationDelegate$BeanPostProcessorChecker : Bean 'org.springframework.transaction.annotation.ProxyTransactionManagementConfiguration' of type [org.springframework.transaction.annotation.ProxyTransactionManagementConfiguration$$EnhancerBySpringCGLIB$$91d58b03] is not eligible for getting processed by all BeanPostProcessors (for example: not eligible for auto-proxying)
2020-04-23 00:41:42.985  INFO 13916 --- [    Test worker] o.s.b.w.embedded.tomcat.TomcatWebServer  : Tomcat initialized with port(s): 0 (http)
2020-04-23 00:41:43.014  INFO 13916 --- [    Test worker] o.apache.catalina.core.StandardService   : Starting service [Tomcat]
2020-04-23 00:41:43.014  INFO 13916 --- [    Test worker] org.apache.catalina.core.StandardEngine  : Starting Servlet engine: [Apache Tomcat/9.0.22]
2020-04-23 00:41:43.181  INFO 13916 --- [    Test worker] o.a.c.c.C.[Tomcat].[localhost].[/]       : Initializing Spring embedded WebApplicationContext
2020-04-23 00:41:43.182  INFO 13916 --- [    Test worker] o.s.web.context.ContextLoader            : Root WebApplicationContext: initialization completed in 783 ms
2020-04-23 00:41:43.352  INFO 13916 --- [    Test worker] com.zaxxer.hikari.HikariDataSource       : HikariPool-2 - Starting...
2020-04-23 00:41:43.352  INFO 13916 --- [    Test worker] com.zaxxer.hikari.HikariDataSource       : HikariPool-2 - Start completed.
2020-04-23 00:41:43.384  INFO 13916 --- [    Test worker] o.hibernate.jpa.internal.util.LogHelper  : HHH000204: Processing PersistenceUnitInfo [
	name: default
	...]
2020-04-23 00:41:43.399  INFO 13916 --- [    Test worker] org.hibernate.dialect.Dialect            : HHH000400: Using dialect: org.hibernate.dialect.MySQL5InnoDBDialect
Hibernate: drop table if exists posts
Hibernate: drop table if exists user
Hibernate: create table posts (id bigint not null auto_increment, create_date datetime, modified_date datetime, author varchar(255), content TEXT not null, title varchar(500) not null, primary key (id)) engine=InnoDB
Hibernate: create table user (id bigint not null auto_increment, create_date datetime, modified_date datetime, email varchar(255) not null, name varchar(255) not null, picture varchar(255), role varchar(255) not null, primary key (id)) engine=InnoDB
2020-04-23 00:41:43.454  INFO 13916 --- [    Test worker] o.h.t.schema.internal.SchemaCreatorImpl  : HHH000476: Executing import script 'org.hibernate.tool.schema.internal.exec.ScriptSourceInputNonExistentImpl@19c4b557'
2020-04-23 00:41:43.454  INFO 13916 --- [    Test worker] j.LocalContainerEntityManagerFactoryBean : Initialized JPA EntityManagerFactory for persistence unit 'default'
2020-04-23 00:41:43.752  INFO 13916 --- [    Test worker] o.h.h.i.QueryTranslatorFactoryInitiator  : HHH000397: Using ASTQueryTranslatorFactory
2020-04-23 00:41:43.909  INFO 13916 --- [    Test worker] o.s.s.web.DefaultSecurityFilterChain     : Creating filter chain: any request, [org.springframework.security.web.context.request.async.WebAsyncManagerIntegrationFilter@5378fc2, org.springframework.security.web.context.SecurityContextPersistenceFilter@7517f887, org.springframework.security.web.header.HeaderWriterFilter@54a8f9a2, org.springframework.security.web.authentication.logout.LogoutFilter@2c3bbb2c, org.springframework.security.oauth2.client.web.OAuth2AuthorizationRequestRedirectFilter@4b82ed0c, org.springframework.security.oauth2.client.web.OAuth2LoginAuthenticationFilter@5fe91ef6, org.springframework.security.web.authentication.ui.DefaultLoginPageGeneratingFilter@6622b4af, org.springframework.security.web.authentication.ui.DefaultLogoutPageGeneratingFilter@12c0584a, org.springframework.security.web.savedrequest.RequestCacheAwareFilter@3161dec2, org.springframework.security.web.servletapi.SecurityContextHolderAwareRequestFilter@221744a5, org.springframework.security.web.authentication.AnonymousAuthenticationFilter@4e763d93, org.springframework.security.web.session.SessionManagementFilter@3f9f7ddd, org.springframework.security.web.access.ExceptionTranslationFilter@4f21727d, org.springframework.security.web.access.intercept.FilterSecurityInterceptor@5018ff19]
2020-04-23 00:41:44.112  INFO 13916 --- [    Test worker] o.s.s.concurrent.ThreadPoolTaskExecutor  : Initializing ExecutorService 'applicationTaskExecutor'
2020-04-23 00:41:44.127  WARN 13916 --- [    Test worker] aWebConfiguration$JpaWebMvcConfiguration : spring.jpa.open-in-view is enabled by default. Therefore, database queries may be performed during view rendering. Explicitly configure spring.jpa.open-in-view to disable this warning
2020-04-23 00:41:44.143  INFO 13916 --- [    Test worker] o.s.b.a.w.s.WelcomePageHandlerMapping    : Adding welcome page template: index
2020-04-23 00:41:44.377  INFO 13916 --- [    Test worker] s.a.ScheduledAnnotationBeanPostProcessor : No TaskScheduler/ScheduledExecutorService bean found for scheduled processing
2020-04-23 00:41:44.393  INFO 13916 --- [    Test worker] o.s.b.w.embedded.tomcat.TomcatWebServer  : Tomcat started on port(s): 62388 (http) with context path ''
2020-04-23 00:41:44.393  INFO 13916 --- [    Test worker] c.g.springboot.web.IndexControllerTest   : Started IndexControllerTest in 2.04 seconds (JVM running for 10.084)
2020-04-23 00:41:44.529  INFO 13916 --- [o-auto-1-exec-1] o.a.c.c.C.[Tomcat].[localhost].[/]       : Initializing Spring DispatcherServlet 'dispatcherServlet'
2020-04-23 00:41:44.529  INFO 13916 --- [o-auto-1-exec-1] o.s.web.servlet.DispatcherServlet        : Initializing Servlet 'dispatcherServlet'
2020-04-23 00:41:44.552  INFO 13916 --- [o-auto-1-exec-1] o.s.web.servlet.DispatcherServlet        : Completed initialization in 23 ms
Hibernate: select posts0_.id as id1_0_, posts0_.create_date as create_d2_0_, posts0_.modified_date as modified3_0_, posts0_.author as author4_0_, posts0_.content as content5_0_, posts0_.title as title6_0_ from posts posts0_ order by posts0_.id DESC
]]></system-out>
  <system-err><![CDATA[]]></system-err>
</testsuite>
